
Warning, in file newspaper.ant, line 102, column 0:
Inserting emergency stretch!
Warning: Underfull hbox (badness 2033.)!
|This intended typesetting the version be

Warning: Underfull hbox (badness 1684.)!
-gorithms possible. Program be particular

Warning: Underfull hbox (badness 1080.)!
-cause follows language, level step to ne-

Warning: Underfull hbox (badness 1106.)!
-low use peculiar software complexity re-

Warning: Underfull hbox (badness 1330.)!
-duced of individual simple is algorithms

Warning: Underfull hbox (badness 1849.)!
possible, way pieces providing that. De-

Warning: Underfull hbox (badness 1455.)!
familiar present long the designed based

Warning: Underfull hbox (badness 2052.)!
Research hundred introduced experiences

Warning: Underfull hbox (badness 1434.)!
variables.” Similar other heading. Shown

Warning, in file newspaper.ant, line 109, column 0:
Inserting emergency stretch!
Warning: Underfull hbox (badness 2033.)!
|This intended typesetting the version be

Warning: Underfull hbox (badness 1684.)!
-gorithms possible. Program be particular

Warning: Underfull hbox (badness 1080.)!
-cause follows language, level step to ne-

Warning: Underfull hbox (badness 1106.)!
-low use peculiar software complexity re-

Warning: Underfull hbox (badness 1330.)!
-duced of individual simple is algorithms

Warning: Underfull hbox (badness 1849.)!
possible, way pieces providing that. De-

Warning: Underfull hbox (badness 1210.)!
-tailed is things ways, sprinkled program.

Warning: Underfull hbox (badness 4830.)!
Explain implementation, rarely language

Warning, in file newspaper.ant, line 113, column 0:
Inserting emergency stretch!
Warning: Underfull hbox (badness 2033.)!
|This intended typesetting the version be

Warning: Underfull hbox (badness 1684.)!
-gorithms possible. Program be particular

Warning: Underfull hbox (badness 1864.)!
ways, sprinkled program. Explain imple-

Warning: Underfull hbox (badness 3071.)!
-mentation, rarely reader familiar present

Warning, in file newspaper.ant, line 114, column 0:
Inserting emergency stretch!
Warning: Underfull hbox (badness 2033.)!
|This intended typesetting the version be

Warning: Underfull hbox (badness 1684.)!
-gorithms possible. Program be particular

Warning: Underfull hbox (badness 1864.)!
ways, sprinkled program. Explain imple-

Warning: Underfull hbox (badness 3071.)!
-mentation, rarely reader familiar present

Warning, in file newspaper.ant, line 115, column 0:
Inserting emergency stretch!
Warning: Underfull hbox (badness 2033.)!
|This intended typesetting the version be

Warning: Underfull hbox (badness 1684.)!
-gorithms possible. Program be particular

Warning: Underfull hbox (badness 1864.)!
ways, sprinkled program. Explain imple-

Warning: Underfull hbox (badness 3071.)!
-mentation, rarely reader familiar present

Warning, in file newspaper.ant, line 120, column 0:
Inserting emergency stretch!
Warning: Underfull hbox (badness 2033.)!
|This intended typesetting the version be

Warning: Underfull hbox (badness 1684.)!
-gorithms possible. Program be particular

Warning: Underfull hbox (badness 1080.)!
-cause follows language, level step to ne-

Warning: Underfull hbox (badness 1106.)!
-low use peculiar software complexity re-

Warning: Underfull hbox (badness 1330.)!
-duced of individual simple is algorithms

Warning: Underfull hbox (badness 1849.)!
possible, way pieces providing that. De-

Warning: Underfull hbox (badness 1210.)!
-tailed is things ways, sprinkled program.

Warning: Underfull hbox (badness 4830.)!
Explain implementation, rarely language

Warning: Overfull vbox (badness infinite)!

Warning: Underfull vbox (badness 1896.)!
